# JRE version: OpenJDK Runtime Environment (8.0_242-b01) (build 1.8.0_242-release-1644-b01)
# Java VM: OpenJDK 64-Bit Server VM (25.242-b01 mixed mode windows-amd64 compressed oops)
Heap:
 PSYoungGen      total 289792K, used 159258K [0x00000000d5580000, 0x00000000ef980000, 0x0000000100000000)
  eden space 268288K, 51% used [0x00000000d5580000,0x00000000ddc0e888,0x00000000e5b80000)
  from space 21504K, 99% used [0x00000000e5b80000,0x00000000e7078328,0x00000000e7080000)
  to   space 29184K, 0% used [0x00000000edd00000,0x00000000edd00000,0x00000000ef980000)
 ParOldGen       total 95232K, used 42671K [0x0000000080000000, 0x0000000085d00000, 0x00000000d5580000)
  object space 95232K, 44% used [0x0000000080000000,0x00000000829abd98,0x0000000085d00000)
 Metaspace       used 71121K, capacity 74610K, committed 74904K, reserved 1114112K
  class space    used 9639K, capacity 10290K, committed 10416K, reserved 1048576K
GC Heap History (10 events):
Event: 19.618 GC heap before
{Heap before GC invocations=12 (full 2):
 PSYoungGen      total 140288K, used 129024K [0x00000000d5580000, 0x00000000e2780000, 0x0000000100000000)
  eden space 129024K, 100% used [0x00000000d5580000,0x00000000dd380000,0x00000000dd380000)
  from space 11264K, 0% used [0x00000000dd380000,0x00000000dd380000,0x00000000dde80000)
  to   space 12800K, 0% used [0x00000000e1b00000,0x00000000e1b00000,0x00000000e2780000)
 ParOldGen       total 65536K, used 17852K [0x0000000080000000, 0x0000000084000000, 0x00000000d5580000)
  object space 65536K, 27% used [0x0000000080000000,0x000000008116f178,0x0000000084000000)
 Metaspace       used 38728K, capacity 40498K, committed 40616K, reserved 1083392K
  class space    used 5346K, capacity 5697K, committed 5808K, reserved 1048576K
Event: 19.639 GC heap after
Heap after GC invocations=12 (full 2):
 PSYoungGen      total 201216K, used 10269K [0x00000000d5580000, 0x00000000e2880000, 0x0000000100000000)
  eden space 188416K, 0% used [0x00000000d5580000,0x00000000d5580000,0x00000000e0d80000)
  from space 12800K, 80% used [0x00000000e1b00000,0x00000000e25075f0,0x00000000e2780000)
  to   space 13824K, 0% used [0x00000000e0d80000,0x00000000e0d80000,0x00000000e1b00000)
 ParOldGen       total 65536K, used 17860K [0x0000000080000000, 0x0000000084000000, 0x00000000d5580000)
  object space 65536K, 27% used [0x0000000080000000,0x0000000081171178,0x0000000084000000)
 Metaspace       used 38728K, capacity 40498K, committed 40616K, reserved 1083392K
  class space    used 5346K, capacity 5697K, committed 5808K, reserved 1048576K
}
Event: 32.074 GC heap before
{Heap before GC invocations=13 (full 2):
 PSYoungGen      total 201216K, used 198685K [0x00000000d5580000, 0x00000000e2880000, 0x0000000100000000)
  eden space 188416K, 100% used [0x00000000d5580000,0x00000000e0d80000,0x00000000e0d80000)
  from space 12800K, 80% used [0x00000000e1b00000,0x00000000e25075f0,0x00000000e2780000)
  to   space 13824K, 0% used [0x00000000e0d80000,0x00000000e0d80000,0x00000000e1b00000)
 ParOldGen       total 65536K, used 17860K [0x0000000080000000, 0x0000000084000000, 0x00000000d5580000)
  object space 65536K, 27% used [0x0000000080000000,0x0000000081171178,0x0000000084000000)
 Metaspace       used 55605K, capacity 57838K, committed 58152K, reserved 1099776K
  class space    used 7487K, capacity 7971K, committed 7984K, reserved 1048576K
Event: 32.103 GC heap after
Heap after GC invocations=13 (full 2):
 PSYoungGen      total 202240K, used 13817K [0x00000000d5580000, 0x00000000e8500000, 0x0000000100000000)
  eden space 188416K, 0% used [0x00000000d5580000,0x00000000d5580000,0x00000000e0d80000)
  from space 13824K, 99% used [0x00000000e0d80000,0x00000000e1afe728,0x00000000e1b00000)
  to   space 20992K, 0% used [0x00000000e7080000,0x00000000e7080000,0x00000000e8500000)
 ParOldGen       total 65536K, used 33216K [0x0000000080000000, 0x0000000084000000, 0x00000000d5580000)
  object space 65536K, 50% used [0x0000000080000000,0x0000000082070230,0x0000000084000000)
 Metaspace       used 55605K, capacity 57838K, committed 58152K, reserved 1099776K
  class space    used 7487K, capacity 7971K, committed 7984K, reserved 1048576K
}
Event: 32.682 GC heap before
{Heap before GC invocations=14 (full 2):
 PSYoungGen      total 202240K, used 26802K [0x00000000d5580000, 0x00000000e8500000, 0x0000000100000000)
  eden space 188416K, 6% used [0x00000000d5580000,0x00000000d622e2a8,0x00000000e0d80000)
  from space 13824K, 99% used [0x00000000e0d80000,0x00000000e1afe728,0x00000000e1b00000)
  to   space 20992K, 0% used [0x00000000e7080000,0x00000000e7080000,0x00000000e8500000)
 ParOldGen       total 65536K, used 33216K [0x0000000080000000, 0x0000000084000000, 0x00000000d5580000)
  object space 65536K, 50% used [0x0000000080000000,0x0000000082070230,0x0000000084000000)
 Metaspace       used 56695K, capacity 59038K, committed 59160K, reserved 1099776K
  class space    used 7687K, capacity 8166K, committed 8240K, reserved 1048576K
Event: 32.702 GC heap after
Heap after GC invocations=14 (full 2):
 PSYoungGen      total 289280K, used 1592K [0x00000000d5580000, 0x00000000e8900000, 0x0000000100000000)
  eden space 268288K, 0% used [0x00000000d5580000,0x00000000d5580000,0x00000000e5b80000)
  from space 20992K, 7% used [0x00000000e7080000,0x00000000e720e2a8,0x00000000e8500000)
  to   space 21504K, 0% used [0x00000000e5b80000,0x00000000e5b80000,0x00000000e7080000)
 ParOldGen       total 65536K, used 44563K [0x0000000080000000, 0x0000000084000000, 0x00000000d5580000)
  object space 65536K, 67% used [0x0000000080000000,0x0000000082b84fc8,0x0000000084000000)
 Metaspace       used 56695K, capacity 59038K, committed 59160K, reserved 1099776K
  class space    used 7687K, capacity 8166K, committed 8240K, reserved 1048576K
}
Event: 32.702 GC heap before
{Heap before GC invocations=15 (full 3):
 PSYoungGen      total 289280K, used 1592K [0x00000000d5580000, 0x00000000e8900000, 0x0000000100000000)
  eden space 268288K, 0% used [0x00000000d5580000,0x00000000d5580000,0x00000000e5b80000)
  from space 20992K, 7% used [0x00000000e7080000,0x00000000e720e2a8,0x00000000e8500000)
  to   space 21504K, 0% used [0x00000000e5b80000,0x00000000e5b80000,0x00000000e7080000)
 ParOldGen       total 65536K, used 44563K [0x0000000080000000, 0x0000000084000000, 0x00000000d5580000)
  object space 65536K, 67% used [0x0000000080000000,0x0000000082b84fc8,0x0000000084000000)
 Metaspace       used 56695K, capacity 59038K, committed 59160K, reserved 1099776K
  class space    used 7687K, capacity 8166K, committed 8240K, reserved 1048576K
Event: 32.954 GC heap after
Heap after GC invocations=15 (full 3):
 PSYoungGen      total 289280K, used 0K [0x00000000d5580000, 0x00000000e8900000, 0x0000000100000000)
  eden space 268288K, 0% used [0x00000000d5580000,0x00000000d5580000,0x00000000e5b80000)
  from space 20992K, 0% used [0x00000000e7080000,0x00000000e7080000,0x00000000e8500000)
  to   space 21504K, 0% used [0x00000000e5b80000,0x00000000e5b80000,0x00000000e7080000)
 ParOldGen       total 95232K, used 31407K [0x0000000080000000, 0x0000000085d00000, 0x00000000d5580000)
  object space 95232K, 32% used [0x0000000080000000,0x0000000081eabe08,0x0000000085d00000)
 Metaspace       used 56649K, capacity 58882K, committed 59160K, reserved 1099776K
  class space    used 7673K, capacity 8140K, committed 8240K, reserved 1048576K
}
Event: 48.108 GC heap before
{Heap before GC invocations=16 (full 3):
 PSYoungGen      total 289280K, used 268288K [0x00000000d5580000, 0x00000000e8900000, 0x0000000100000000)
  eden space 268288K, 100% used [0x00000000d5580000,0x00000000e5b80000,0x00000000e5b80000)
  from space 20992K, 0% used [0x00000000e7080000,0x00000000e7080000,0x00000000e8500000)
  to   space 21504K, 0% used [0x00000000e5b80000,0x00000000e5b80000,0x00000000e7080000)
 ParOldGen       total 95232K, used 31407K [0x0000000080000000, 0x0000000085d00000, 0x00000000d5580000)
  object space 95232K, 32% used [0x0000000080000000,0x0000000081eabe08,0x0000000085d00000)
 Metaspace       used 67140K, capacity 70464K, committed 70552K, reserved 1110016K
  class space    used 9220K, capacity 9827K, committed 9904K, reserved 1048576K
Event: 48.130 GC heap after
Heap after GC invocations=16 (full 3):
 PSYoungGen      total 289792K, used 21472K [0x00000000d5580000, 0x00000000ef980000, 0x0000000100000000)
  eden space 268288K, 0% used [0x00000000d5580000,0x00000000d5580000,0x00000000e5b80000)
  from space 21504K, 99% used [0x00000000e5b80000,0x00000000e7078328,0x00000000e7080000)
  to   space 29184K, 0% used [0x00000000edd00000,0x00000000edd00000,0x00000000ef980000)
 ParOldGen       total 95232K, used 42671K [0x0000000080000000, 0x0000000085d00000, 0x00000000d5580000)
  object space 95232K, 44% used [0x0000000080000000,0x00000000829abd98,0x0000000085d00000)
 Metaspace       used 67140K, capacity 70464K, committed 70552K, reserved 1110016K
  class space    used 9220K, capacity 9827K, committed 9904K, reserved 1048576K
}

