# JRE version: OpenJDK Runtime Environment (8.0_242-b01) (build 1.8.0_242-release-1644-b01)
# Java VM: OpenJDK 64-Bit Server VM (25.242-b01 mixed mode windows-amd64 compressed oops)
Heap:
 PSYoungGen      total 145920K, used 84365K [0x00000000d5580000, 0x00000000e2280000, 0x0000000100000000)
  eden space 133120K, 58% used [0x00000000d5580000,0x00000000da132050,0x00000000dd780000)
  from space 12800K, 53% used [0x00000000e1600000,0x00000000e1cb14a8,0x00000000e2280000)
  to   space 38400K, 0% used [0x00000000dd780000,0x00000000dd780000,0x00000000dfd00000)
 ParOldGen       total 215552K, used 66897K [0x0000000080000000, 0x000000008d280000, 0x00000000d5580000)
  object space 215552K, 31% used [0x0000000080000000,0x0000000084154638,0x000000008d280000)
 Metaspace       used 96040K, capacity 100814K, committed 101208K, reserved 1136640K
  class space    used 12669K, capacity 13634K, committed 13696K, reserved 1048576K
GC Heap History (10 events):
Event: 33.952 GC heap before
{Heap before GC invocations=22 (full 3):
 PSYoungGen      total 144896K, used 144893K [0x00000000d5580000, 0x00000000e0180000, 0x0000000100000000)
  eden space 123392K, 100% used [0x00000000d5580000,0x00000000dce00000,0x00000000dce00000)
  from space 21504K, 99% used [0x00000000de600000,0x00000000dfaff470,0x00000000dfb00000)
  to   space 24576K, 0% used [0x00000000dce00000,0x00000000dce00000,0x00000000de600000)
 ParOldGen       total 140288K, used 33203K [0x0000000080000000, 0x0000000088900000, 0x00000000d5580000)
  object space 140288K, 23% used [0x0000000080000000,0x000000008206cc90,0x0000000088900000)
 Metaspace       used 80901K, capacity 84954K, committed 85208K, reserved 1122304K
  class space    used 10970K, capacity 11762K, committed 11776K, reserved 1048576K
Event: 33.982 GC heap after
Heap after GC invocations=22 (full 3):
 PSYoungGen      total 147968K, used 24572K [0x00000000d5580000, 0x00000000e1980000, 0x0000000100000000)
  eden space 123392K, 0% used [0x00000000d5580000,0x00000000d5580000,0x00000000dce00000)
  from space 24576K, 99% used [0x00000000dce00000,0x00000000de5ff268,0x00000000de600000)
  to   space 30208K, 0% used [0x00000000dfc00000,0x00000000dfc00000,0x00000000e1980000)
 ParOldGen       total 140288K, used 37835K [0x0000000080000000, 0x0000000088900000, 0x00000000d5580000)
  object space 140288K, 26% used [0x0000000080000000,0x00000000824f2c08,0x0000000088900000)
 Metaspace       used 80901K, capacity 84954K, committed 85208K, reserved 1122304K
  class space    used 10970K, capacity 11762K, committed 11776K, reserved 1048576K
}
Event: 36.792 GC heap before
{Heap before GC invocations=23 (full 3):
 PSYoungGen      total 147968K, used 147964K [0x00000000d5580000, 0x00000000e1980000, 0x0000000100000000)
  eden space 123392K, 100% used [0x00000000d5580000,0x00000000dce00000,0x00000000dce00000)
  from space 24576K, 99% used [0x00000000dce00000,0x00000000de5ff268,0x00000000de600000)
  to   space 30208K, 0% used [0x00000000dfc00000,0x00000000dfc00000,0x00000000e1980000)
 ParOldGen       total 140288K, used 37835K [0x0000000080000000, 0x0000000088900000, 0x00000000d5580000)
  object space 140288K, 26% used [0x0000000080000000,0x00000000824f2c08,0x0000000088900000)
 Metaspace       used 87023K, capacity 91696K, committed 91992K, reserved 1128448K
  class space    used 11720K, capacity 12577K, committed 12672K, reserved 1048576K
Event: 36.850 GC heap after
Heap after GC invocations=23 (full 3):
 PSYoungGen      total 166400K, used 29429K [0x00000000d5580000, 0x00000000e2400000, 0x0000000100000000)
  eden space 136192K, 0% used [0x00000000d5580000,0x00000000d5580000,0x00000000dda80000)
  from space 30208K, 97% used [0x00000000dfc00000,0x00000000e18bd5b0,0x00000000e1980000)
  to   space 34304K, 0% used [0x00000000dda80000,0x00000000dda80000,0x00000000dfc00000)
 ParOldGen       total 140288K, used 43751K [0x0000000080000000, 0x0000000088900000, 0x00000000d5580000)
  object space 140288K, 31% used [0x0000000080000000,0x0000000082ab9c68,0x0000000088900000)
 Metaspace       used 87023K, capacity 91696K, committed 91992K, reserved 1128448K
  class space    used 11720K, capacity 12577K, committed 12672K, reserved 1048576K
}
Event: 39.301 GC heap before
{Heap before GC invocations=24 (full 3):
 PSYoungGen      total 166400K, used 83310K [0x00000000d5580000, 0x00000000e2400000, 0x0000000100000000)
  eden space 136192K, 39% used [0x00000000d5580000,0x00000000d8a1e480,0x00000000dda80000)
  from space 30208K, 97% used [0x00000000dfc00000,0x00000000e18bd5b0,0x00000000e1980000)
  to   space 34304K, 0% used [0x00000000dda80000,0x00000000dda80000,0x00000000dfc00000)
 ParOldGen       total 140288K, used 43751K [0x0000000080000000, 0x0000000088900000, 0x00000000d5580000)
  object space 140288K, 31% used [0x0000000080000000,0x0000000082ab9c68,0x0000000088900000)
 Metaspace       used 93385K, capacity 98392K, committed 98496K, reserved 1134592K
  class space    used 12448K, capacity 13401K, committed 13440K, reserved 1048576K
Event: 39.336 GC heap after
Heap after GC invocations=24 (full 3):
 PSYoungGen      total 170496K, used 32459K [0x00000000d5580000, 0x00000000e3c00000, 0x0000000100000000)
  eden space 136192K, 0% used [0x00000000d5580000,0x00000000d5580000,0x00000000dda80000)
  from space 34304K, 94% used [0x00000000dda80000,0x00000000dfa32d08,0x00000000dfc00000)
  to   space 38912K, 0% used [0x00000000e1600000,0x00000000e1600000,0x00000000e3c00000)
 ParOldGen       total 140288K, used 43759K [0x0000000080000000, 0x0000000088900000, 0x00000000d5580000)
  object space 140288K, 31% used [0x0000000080000000,0x0000000082abbc68,0x0000000088900000)
 Metaspace       used 93385K, capacity 98392K, committed 98496K, reserved 1134592K
  class space    used 12448K, capacity 13401K, committed 13440K, reserved 1048576K
}
Event: 39.336 GC heap before
{Heap before GC invocations=25 (full 4):
 PSYoungGen      total 170496K, used 32459K [0x00000000d5580000, 0x00000000e3c00000, 0x0000000100000000)
  eden space 136192K, 0% used [0x00000000d5580000,0x00000000d5580000,0x00000000dda80000)
  from space 34304K, 94% used [0x00000000dda80000,0x00000000dfa32d08,0x00000000dfc00000)
  to   space 38912K, 0% used [0x00000000e1600000,0x00000000e1600000,0x00000000e3c00000)
 ParOldGen       total 140288K, used 43759K [0x0000000080000000, 0x0000000088900000, 0x00000000d5580000)
  object space 140288K, 31% used [0x0000000080000000,0x0000000082abbc68,0x0000000088900000)
 Metaspace       used 93385K, capacity 98392K, committed 98496K, reserved 1134592K
  class space    used 12448K, capacity 13401K, committed 13440K, reserved 1048576K
Event: 39.798 GC heap after
Heap after GC invocations=25 (full 4):
 PSYoungGen      total 170496K, used 0K [0x00000000d5580000, 0x00000000e3c00000, 0x0000000100000000)
  eden space 136192K, 0% used [0x00000000d5580000,0x00000000d5580000,0x00000000dda80000)
  from space 34304K, 0% used [0x00000000dda80000,0x00000000dda80000,0x00000000dfc00000)
  to   space 38912K, 0% used [0x00000000e1600000,0x00000000e1600000,0x00000000e3c00000)
 ParOldGen       total 215552K, used 66889K [0x0000000080000000, 0x000000008d280000, 0x00000000d5580000)
  object space 215552K, 31% used [0x0000000080000000,0x0000000084152638,0x000000008d280000)
 Metaspace       used 93050K, capacity 97340K, committed 98496K, reserved 1134592K
  class space    used 12343K, capacity 13191K, committed 13440K, reserved 1048576K
}
Event: 7694.747 GC heap before
{Heap before GC invocations=26 (full 4):
 PSYoungGen      total 170496K, used 136192K [0x00000000d5580000, 0x00000000e3c00000, 0x0000000100000000)
  eden space 136192K, 100% used [0x00000000d5580000,0x00000000dda80000,0x00000000dda80000)
  from space 34304K, 0% used [0x00000000dda80000,0x00000000dda80000,0x00000000dfc00000)
  to   space 38912K, 0% used [0x00000000e1600000,0x00000000e1600000,0x00000000e3c00000)
 ParOldGen       total 215552K, used 66889K [0x0000000080000000, 0x000000008d280000, 0x00000000d5580000)
  object space 215552K, 31% used [0x0000000080000000,0x0000000084152638,0x000000008d280000)
 Metaspace       used 94728K, capacity 99316K, committed 99800K, reserved 1136640K
  class space    used 12528K, capacity 13481K, committed 13568K, reserved 1048576K
Event: 7694.768 GC heap after
Heap after GC invocations=26 (full 4):
 PSYoungGen      total 145920K, used 6853K [0x00000000d5580000, 0x00000000e2280000, 0x0000000100000000)
  eden space 133120K, 0% used [0x00000000d5580000,0x00000000d5580000,0x00000000dd780000)
  from space 12800K, 53% used [0x00000000e1600000,0x00000000e1cb14a8,0x00000000e2280000)
  to   space 38400K, 0% used [0x00000000dd780000,0x00000000dd780000,0x00000000dfd00000)
 ParOldGen       total 215552K, used 66897K [0x0000000080000000, 0x000000008d280000, 0x00000000d5580000)
  object space 215552K, 31% used [0x0000000080000000,0x0000000084154638,0x000000008d280000)
 Metaspace       used 94728K, capacity 99316K, committed 99800K, reserved 1136640K
  class space    used 12528K, capacity 13481K, committed 13568K, reserved 1048576K
}

